<?xml version="1.0" encoding="UTF-8"?>
<!-- Generated by org.testng.reporters.JUnitXMLReporter -->
<testsuite ignored="1" hostname="LAPTOP-0QEPCK00" failures="3" tests="10" name="Test" time="107.577" errors="0" timestamp="31 May 2021 10:53:45 GMT">
  <testcase classname="com.bikes.testCases.BikeDetailsTest" name="invokedriver" time="10.991"/>
  <testcase classname="com.bikes.testCases.UsedCarsTest" name="selectChennai" time="50.852"/>
  <testcase classname="com.bikes.testCases.UsedCarsTest" name="getPopularModels" time="1.79"/>
  <testcase classname="com.bikes.testCases.UsedCarsTest" name="verifyChennai" time="0.058"/>
  <testcase classname="com.bikes.testCases.LoginWithInavlidEmail" name="clickLogin2" time="39.023"/>
  <testcase classname="com.bikes.testCases.BikeDetailsTest" name="clickUpComingBikes" time="0.021">
    <failure type="org.openqa.selenium.NoSuchSessionException" message="Session ID is null. Using WebDriver after calling quit()?
Build info: version: &amp;apos;3.141.59&amp;apos;, revision: &amp;apos;e82be7d358&amp;apos;, time: &amp;apos;2018-11-14T08:17:03&amp;apos;
System info: host: &amp;apos;LAPTOP-0QEPCK00&amp;apos;, ip: &amp;apos;192.168.0.6&amp;apos;, os.name: &amp;apos;Windows 10&amp;apos;, os.arch: &amp;apos;amd64&amp;apos;, os.version: &amp;apos;10.0&amp;apos;, java.version: &amp;apos;15.0.1&amp;apos;
Driver info: driver.version: RemoteWebDriver">
      <![CDATA[org.openqa.selenium.NoSuchSessionException: Session ID is null. Using WebDriver after calling quit()?
Build info: version: '3.141.59', revision: 'e82be7d358', time: '2018-11-14T08:17:03'
System info: host: 'LAPTOP-0QEPCK00', ip: '192.168.0.6', os.name: 'Windows 10', os.arch: 'amd64', os.version: '10.0', java.version: '15.0.1'
Driver info: driver.version: RemoteWebDriver
at org.openqa.selenium.remote.HttpCommandExecutor.execute(HttpCommandExecutor.java:125)
at org.openqa.selenium.remote.service.DriverCommandExecutor.execute(DriverCommandExecutor.java:83)
at org.openqa.selenium.remote.RemoteWebDriver.execute(RemoteWebDriver.java:552)
at org.openqa.selenium.remote.RemoteWebDriver.execute(RemoteWebDriver.java:609)
at org.openqa.selenium.remote.RemoteWebDriver.getScreenshotAs(RemoteWebDriver.java:295)
at com.bikes.baseClass.TestBase.takeScreenShots(TestBase.java:176)
at com.bikes.baseClass.TestBase.reportFail(TestBase.java:162)
at com.bikes.pages.LaunchPage.clickUpcomingBikes(LaunchPage.java:46)
at com.bikes.testCases.BikeDetailsTest.clickUpComingBikes(BikeDetailsTest.java:39)
... Removed 25 stack frames]]>
    </failure>
  </testcase> <!-- clickUpComingBikes -->
  <testcase classname="com.bikes.testCases.BikeDetailsTest" name="selectHondaBikes" time="0.007">
    <failure type="org.openqa.selenium.NoSuchSessionException" message="Session ID is null. Using WebDriver after calling quit()?
Build info: version: &amp;apos;3.141.59&amp;apos;, revision: &amp;apos;e82be7d358&amp;apos;, time: &amp;apos;2018-11-14T08:17:03&amp;apos;
System info: host: &amp;apos;LAPTOP-0QEPCK00&amp;apos;, ip: &amp;apos;192.168.0.6&amp;apos;, os.name: &amp;apos;Windows 10&amp;apos;, os.arch: &amp;apos;amd64&amp;apos;, os.version: &amp;apos;10.0&amp;apos;, java.version: &amp;apos;15.0.1&amp;apos;
Driver info: driver.version: RemoteWebDriver">
      <![CDATA[org.openqa.selenium.NoSuchSessionException: Session ID is null. Using WebDriver after calling quit()?
Build info: version: '3.141.59', revision: 'e82be7d358', time: '2018-11-14T08:17:03'
System info: host: 'LAPTOP-0QEPCK00', ip: '192.168.0.6', os.name: 'Windows 10', os.arch: 'amd64', os.version: '10.0', java.version: '15.0.1'
Driver info: driver.version: RemoteWebDriver
at org.openqa.selenium.remote.HttpCommandExecutor.execute(HttpCommandExecutor.java:125)
at org.openqa.selenium.remote.service.DriverCommandExecutor.execute(DriverCommandExecutor.java:83)
at org.openqa.selenium.remote.RemoteWebDriver.execute(RemoteWebDriver.java:552)
at org.openqa.selenium.remote.RemoteWebDriver.findElement(RemoteWebDriver.java:323)
at org.openqa.selenium.remote.RemoteWebDriver.findElementById(RemoteWebDriver.java:372)
at org.openqa.selenium.By$ById.findElement(By.java:188)
at org.openqa.selenium.remote.RemoteWebDriver.findElement(RemoteWebDriver.java:315)
at com.bikes.pages.SelectManufacturerPage.selectHonda(SelectManufacturerPage.java:20)
at com.bikes.testCases.BikeDetailsTest.selectHondaBikes(BikeDetailsTest.java:51)
... Removed 25 stack frames]]>
    </failure>
  </testcase> <!-- selectHondaBikes -->
  <testcase classname="com.bikes.testCases.BikeDetailsTest" name="clickViewMore" time="3.02">
    <failure type="org.openqa.selenium.NoSuchSessionException" message="Session ID is null. Using WebDriver after calling quit()?
Build info: version: &amp;apos;3.141.59&amp;apos;, revision: &amp;apos;e82be7d358&amp;apos;, time: &amp;apos;2018-11-14T08:17:03&amp;apos;
System info: host: &amp;apos;LAPTOP-0QEPCK00&amp;apos;, ip: &amp;apos;192.168.0.6&amp;apos;, os.name: &amp;apos;Windows 10&amp;apos;, os.arch: &amp;apos;amd64&amp;apos;, os.version: &amp;apos;10.0&amp;apos;, java.version: &amp;apos;15.0.1&amp;apos;
Driver info: driver.version: RemoteWebDriver">
      <![CDATA[org.openqa.selenium.NoSuchSessionException: Session ID is null. Using WebDriver after calling quit()?
Build info: version: '3.141.59', revision: 'e82be7d358', time: '2018-11-14T08:17:03'
System info: host: 'LAPTOP-0QEPCK00', ip: '192.168.0.6', os.name: 'Windows 10', os.arch: 'amd64', os.version: '10.0', java.version: '15.0.1'
Driver info: driver.version: RemoteWebDriver
at org.openqa.selenium.remote.HttpCommandExecutor.execute(HttpCommandExecutor.java:125)
at org.openqa.selenium.remote.service.DriverCommandExecutor.execute(DriverCommandExecutor.java:83)
at org.openqa.selenium.remote.RemoteWebDriver.execute(RemoteWebDriver.java:552)
at org.openqa.selenium.remote.RemoteWebDriver.findElement(RemoteWebDriver.java:323)
at org.openqa.selenium.remote.RemoteWebDriver.findElementByXPath(RemoteWebDriver.java:428)
at org.openqa.selenium.By$ByXPath.findElement(By.java:353)
at org.openqa.selenium.remote.RemoteWebDriver.findElement(RemoteWebDriver.java:315)
at com.bikes.pages.HondaDetailsPages.clickViewMore(HondaDetailsPages.java:41)
at com.bikes.testCases.BikeDetailsTest.clickViewMore(BikeDetailsTest.java:63)
... Removed 25 stack frames]]>
    </failure>
  </testcase> <!-- clickViewMore -->
  <testcase classname="com.bikes.testCases.BikeDetailsTest" name="displayUpcomingBikes" time="0.0">
    <skipped/>
  </testcase> <!-- displayUpcomingBikes -->
  <testcase classname="com.bikes.testCases.BikeDetailsTest" name="verifyHondaPage" time="0.0">
    <skipped/>
  </testcase> <!-- verifyHondaPage -->
  <testcase classname="com.bikes.testCases.LoginTest" name="clickLogin1" time="0.0">
    <ignored/>
  </testcase> <!-- clickLogin1 -->
</testsuite> <!-- Test -->
